2025-05-28T15:01:15.228+05:30  INFO 5664 --- [blog-app-apis] [restartedMain] c.c.blog.BlogAppApisApplication          : Starting BlogAppApisApplication using Java 17.0.11 with PID 5664 (C:\Users\antri\Git\repository4\blog-app-apis\target\classes started by antri in C:\Users\antri\Git\repository4\blog-app-apis)
2025-05-28T15:01:15.236+05:30 DEBUG 5664 --- [blog-app-apis] [restartedMain] c.c.blog.BlogAppApisApplication          : Running with Spring Boot v3.4.4, Spring v6.2.5
2025-05-28T15:01:15.237+05:30  INFO 5664 --- [blog-app-apis] [restartedMain] c.c.blog.BlogAppApisApplication          : No active profile set, falling back to 1 default profile: "default"
2025-05-28T15:01:15.328+05:30  INFO 5664 --- [blog-app-apis] [restartedMain] .e.DevToolsPropertyDefaultsPostProcessor : Devtools property defaults active! Set 'spring.devtools.add-properties' to 'false' to disable
2025-05-28T15:01:15.329+05:30  INFO 5664 --- [blog-app-apis] [restartedMain] .e.DevToolsPropertyDefaultsPostProcessor : For additional web related logging consider setting the 'logging.level.web' property to 'DEBUG'
2025-05-28T15:01:16.341+05:30  INFO 5664 --- [blog-app-apis] [restartedMain] .s.d.r.c.RepositoryConfigurationDelegate : Bootstrapping Spring Data JPA repositories in DEFAULT mode.
2025-05-28T15:01:16.411+05:30  INFO 5664 --- [blog-app-apis] [restartedMain] .s.d.r.c.RepositoryConfigurationDelegate : Finished Spring Data repository scanning in 57 ms. Found 3 JPA repository interfaces.
2025-05-28T15:01:16.938+05:30  INFO 5664 --- [blog-app-apis] [restartedMain] o.s.b.w.embedded.tomcat.TomcatWebServer  : Tomcat initialized with port 8080 (http)
2025-05-28T15:01:16.949+05:30  INFO 5664 --- [blog-app-apis] [restartedMain] o.apache.catalina.core.StandardService   : Starting service [Tomcat]
2025-05-28T15:01:16.949+05:30  INFO 5664 --- [blog-app-apis] [restartedMain] o.apache.catalina.core.StandardEngine    : Starting Servlet engine: [Apache Tomcat/10.1.39]
2025-05-28T15:01:16.992+05:30  INFO 5664 --- [blog-app-apis] [restartedMain] o.a.c.c.C.[Tomcat].[localhost].[/]       : Initializing Spring embedded WebApplicationContext
2025-05-28T15:01:16.993+05:30  INFO 5664 --- [blog-app-apis] [restartedMain] w.s.c.ServletWebServerApplicationContext : Root WebApplicationContext: initialization completed in 1663 ms
2025-05-28T15:01:17.171+05:30  INFO 5664 --- [blog-app-apis] [restartedMain] o.hibernate.jpa.internal.util.LogHelper  : HHH000204: Processing PersistenceUnitInfo [name: default]
2025-05-28T15:01:17.244+05:30  INFO 5664 --- [blog-app-apis] [restartedMain] org.hibernate.Version                    : HHH000412: Hibernate ORM core version 6.6.11.Final
2025-05-28T15:01:17.282+05:30  INFO 5664 --- [blog-app-apis] [restartedMain] o.h.c.internal.RegionFactoryInitiator    : HHH000026: Second-level cache disabled
2025-05-28T15:01:17.611+05:30  INFO 5664 --- [blog-app-apis] [restartedMain] o.s.o.j.p.SpringPersistenceUnitInfo      : No LoadTimeWeaver setup: ignoring JPA class transformer
2025-05-28T15:01:17.644+05:30  INFO 5664 --- [blog-app-apis] [restartedMain] com.zaxxer.hikari.HikariDataSource       : HikariPool-1 - Starting...
2025-05-28T15:01:18.014+05:30  INFO 5664 --- [blog-app-apis] [restartedMain] com.zaxxer.hikari.pool.HikariPool        : HikariPool-1 - Added connection com.mysql.cj.jdbc.ConnectionImpl@c8bdcc7
2025-05-28T15:01:18.016+05:30  INFO 5664 --- [blog-app-apis] [restartedMain] com.zaxxer.hikari.HikariDataSource       : HikariPool-1 - Start completed.
2025-05-28T15:01:18.098+05:30  WARN 5664 --- [blog-app-apis] [restartedMain] org.hibernate.orm.deprecation            : HHH90000025: MySQL8Dialect does not need to be specified explicitly using 'hibernate.dialect' (remove the property setting and it will be selected by default)
2025-05-28T15:01:18.099+05:30  WARN 5664 --- [blog-app-apis] [restartedMain] org.hibernate.orm.deprecation            : HHH90000026: MySQL8Dialect has been deprecated; use org.hibernate.dialect.MySQLDialect instead
2025-05-28T15:01:18.138+05:30  INFO 5664 --- [blog-app-apis] [restartedMain] org.hibernate.orm.connections.pooling    : HHH10001005: Database info:
	Database JDBC URL [Connecting through datasource 'HikariDataSource (HikariPool-1)']
	Database driver: undefined/unknown
	Database version: 8.0
	Autocommit mode: undefined/unknown
	Isolation level: undefined/unknown
	Minimum pool size: undefined/unknown
	Maximum pool size: undefined/unknown
2025-05-28T15:01:19.401+05:30  INFO 5664 --- [blog-app-apis] [restartedMain] o.h.e.t.j.p.i.JtaPlatformInitiator       : HHH000489: No JTA platform available (set 'hibernate.transaction.jta.platform' to enable JTA platform integration)
2025-05-28T15:01:19.512+05:30  INFO 5664 --- [blog-app-apis] [restartedMain] j.LocalContainerEntityManagerFactoryBean : Initialized JPA EntityManagerFactory for persistence unit 'default'
2025-05-28T15:01:19.995+05:30  WARN 5664 --- [blog-app-apis] [restartedMain] JpaBaseConfiguration$JpaWebConfiguration : spring.jpa.open-in-view is enabled by default. Therefore, database queries may be performed during view rendering. Explicitly configure spring.jpa.open-in-view to disable this warning
2025-05-28T15:01:20.313+05:30  INFO 5664 --- [blog-app-apis] [restartedMain] o.s.b.d.a.OptionalLiveReloadServer       : LiveReload server is running on port 35729
2025-05-28T15:01:20.351+05:30  INFO 5664 --- [blog-app-apis] [restartedMain] o.s.b.w.embedded.tomcat.TomcatWebServer  : Tomcat started on port 8080 (http) with context path '/'
2025-05-28T15:01:20.362+05:30  INFO 5664 --- [blog-app-apis] [restartedMain] c.c.blog.BlogAppApisApplication          : Started BlogAppApisApplication in 5.659 seconds (process running for 6.396)
2025-05-28T15:01:20.365+05:30  INFO 5664 --- [blog-app-apis] [restartedMain] c.c.blog.BlogAppApisApplication          : Blog Application Started...
2025-05-28T15:03:15.136+05:30  INFO 5664 --- [blog-app-apis] [http-nio-8080-exec-1] o.a.c.c.C.[Tomcat].[localhost].[/]       : Initializing Spring DispatcherServlet 'dispatcherServlet'
2025-05-28T15:03:15.136+05:30  INFO 5664 --- [blog-app-apis] [http-nio-8080-exec-1] o.s.web.servlet.DispatcherServlet        : Initializing Servlet 'dispatcherServlet'
2025-05-28T15:03:15.138+05:30  INFO 5664 --- [blog-app-apis] [http-nio-8080-exec-1] o.s.web.servlet.DispatcherServlet        : Completed initialization in 1 ms
2025-05-28T15:08:25.160+05:30  INFO 5664 --- [blog-app-apis] [File Watcher] rtingClassPathChangeChangedEventListener : Restarting due to 1 class path change (0 additions, 0 deletions, 1 modification)
2025-05-28T15:08:25.164+05:30  INFO 5664 --- [blog-app-apis] [Thread-5] o.s.b.w.e.tomcat.GracefulShutdown        : Commencing graceful shutdown. Waiting for active requests to complete
2025-05-28T15:08:25.271+05:30  INFO 5664 --- [blog-app-apis] [tomcat-shutdown] o.s.b.w.e.tomcat.GracefulShutdown        : Graceful shutdown complete
2025-05-28T15:08:25.274+05:30  INFO 5664 --- [blog-app-apis] [Thread-5] j.LocalContainerEntityManagerFactoryBean : Closing JPA EntityManagerFactory for persistence unit 'default'
2025-05-28T15:08:25.277+05:30  INFO 5664 --- [blog-app-apis] [Thread-5] com.zaxxer.hikari.HikariDataSource       : HikariPool-1 - Shutdown initiated...
2025-05-28T15:08:25.287+05:30  INFO 5664 --- [blog-app-apis] [Thread-5] com.zaxxer.hikari.HikariDataSource       : HikariPool-1 - Shutdown completed.
2025-05-28T15:08:25.354+05:30  INFO 5664 --- [blog-app-apis] [restartedMain] c.c.blog.BlogAppApisApplication          : Starting BlogAppApisApplication using Java 17.0.11 with PID 5664 (C:\Users\antri\Git\repository4\blog-app-apis\target\classes started by antri in C:\Users\antri\Git\repository4\blog-app-apis)
2025-05-28T15:08:25.354+05:30 DEBUG 5664 --- [blog-app-apis] [restartedMain] c.c.blog.BlogAppApisApplication          : Running with Spring Boot v3.4.4, Spring v6.2.5
2025-05-28T15:08:25.355+05:30  INFO 5664 --- [blog-app-apis] [restartedMain] c.c.blog.BlogAppApisApplication          : No active profile set, falling back to 1 default profile: "default"
2025-05-28T15:08:25.465+05:30  INFO 5664 --- [blog-app-apis] [restartedMain] .s.d.r.c.RepositoryConfigurationDelegate : Bootstrapping Spring Data JPA repositories in DEFAULT mode.
2025-05-28T15:08:25.484+05:30  INFO 5664 --- [blog-app-apis] [restartedMain] .s.d.r.c.RepositoryConfigurationDelegate : Finished Spring Data repository scanning in 17 ms. Found 3 JPA repository interfaces.
2025-05-28T15:08:25.591+05:30  INFO 5664 --- [blog-app-apis] [restartedMain] o.s.b.w.embedded.tomcat.TomcatWebServer  : Tomcat initialized with port 8080 (http)
2025-05-28T15:08:25.593+05:30  INFO 5664 --- [blog-app-apis] [restartedMain] o.apache.catalina.core.StandardService   : Starting service [Tomcat]
2025-05-28T15:08:25.593+05:30  INFO 5664 --- [blog-app-apis] [restartedMain] o.apache.catalina.core.StandardEngine    : Starting Servlet engine: [Apache Tomcat/10.1.39]
2025-05-28T15:08:25.618+05:30  INFO 5664 --- [blog-app-apis] [restartedMain] o.a.c.c.C.[Tomcat].[localhost].[/]       : Initializing Spring embedded WebApplicationContext
2025-05-28T15:08:25.618+05:30  INFO 5664 --- [blog-app-apis] [restartedMain] w.s.c.ServletWebServerApplicationContext : Root WebApplicationContext: initialization completed in 262 ms
2025-05-28T15:08:25.666+05:30  INFO 5664 --- [blog-app-apis] [restartedMain] o.hibernate.jpa.internal.util.LogHelper  : HHH000204: Processing PersistenceUnitInfo [name: default]
2025-05-28T15:08:25.670+05:30  INFO 5664 --- [blog-app-apis] [restartedMain] o.h.c.internal.RegionFactoryInitiator    : HHH000026: Second-level cache disabled
2025-05-28T15:08:25.682+05:30  INFO 5664 --- [blog-app-apis] [restartedMain] o.s.o.j.p.SpringPersistenceUnitInfo      : No LoadTimeWeaver setup: ignoring JPA class transformer
2025-05-28T15:08:25.683+05:30  INFO 5664 --- [blog-app-apis] [restartedMain] com.zaxxer.hikari.HikariDataSource       : HikariPool-2 - Starting...
2025-05-28T15:08:25.700+05:30  INFO 5664 --- [blog-app-apis] [restartedMain] com.zaxxer.hikari.pool.HikariPool        : HikariPool-2 - Added connection com.mysql.cj.jdbc.ConnectionImpl@19e9721d
2025-05-28T15:08:25.701+05:30  INFO 5664 --- [blog-app-apis] [restartedMain] com.zaxxer.hikari.HikariDataSource       : HikariPool-2 - Start completed.
2025-05-28T15:08:25.701+05:30  WARN 5664 --- [blog-app-apis] [restartedMain] org.hibernate.orm.deprecation            : HHH90000025: MySQL8Dialect does not need to be specified explicitly using 'hibernate.dialect' (remove the property setting and it will be selected by default)
2025-05-28T15:08:25.701+05:30  WARN 5664 --- [blog-app-apis] [restartedMain] org.hibernate.orm.deprecation            : HHH90000026: MySQL8Dialect has been deprecated; use org.hibernate.dialect.MySQLDialect instead
2025-05-28T15:08:25.701+05:30  INFO 5664 --- [blog-app-apis] [restartedMain] org.hibernate.orm.connections.pooling    : HHH10001005: Database info:
	Database JDBC URL [Connecting through datasource 'HikariDataSource (HikariPool-2)']
	Database driver: undefined/unknown
	Database version: 8.0
	Autocommit mode: undefined/unknown
	Isolation level: undefined/unknown
	Minimum pool size: undefined/unknown
	Maximum pool size: undefined/unknown
2025-05-28T15:08:25.763+05:30  INFO 5664 --- [blog-app-apis] [restartedMain] o.h.e.t.j.p.i.JtaPlatformInitiator       : HHH000489: No JTA platform available (set 'hibernate.transaction.jta.platform' to enable JTA platform integration)
2025-05-28T15:08:25.784+05:30  INFO 5664 --- [blog-app-apis] [restartedMain] j.LocalContainerEntityManagerFactoryBean : Initialized JPA EntityManagerFactory for persistence unit 'default'
2025-05-28T15:08:25.856+05:30  WARN 5664 --- [blog-app-apis] [restartedMain] JpaBaseConfiguration$JpaWebConfiguration : spring.jpa.open-in-view is enabled by default. Therefore, database queries may be performed during view rendering. Explicitly configure spring.jpa.open-in-view to disable this warning
2025-05-28T15:08:25.930+05:30  INFO 5664 --- [blog-app-apis] [restartedMain] o.s.b.d.a.OptionalLiveReloadServer       : LiveReload server is running on port 35729
2025-05-28T15:08:25.951+05:30  INFO 5664 --- [blog-app-apis] [restartedMain] o.s.b.w.embedded.tomcat.TomcatWebServer  : Tomcat started on port 8080 (http) with context path '/'
2025-05-28T15:08:25.959+05:30  INFO 5664 --- [blog-app-apis] [restartedMain] c.c.blog.BlogAppApisApplication          : Started BlogAppApisApplication in 0.625 seconds (process running for 431.992)
2025-05-28T15:08:25.962+05:30  INFO 5664 --- [blog-app-apis] [restartedMain] .ConditionEvaluationDeltaLoggingListener : Condition evaluation unchanged
2025-05-28T15:08:25.964+05:30  INFO 5664 --- [blog-app-apis] [restartedMain] c.c.blog.BlogAppApisApplication          : Blog Application Started...
2025-05-28T15:08:36.200+05:30  INFO 5664 --- [blog-app-apis] [http-nio-8080-exec-2] o.a.c.c.C.[Tomcat].[localhost].[/]       : Initializing Spring DispatcherServlet 'dispatcherServlet'
2025-05-28T15:08:36.201+05:30  INFO 5664 --- [blog-app-apis] [http-nio-8080-exec-2] o.s.web.servlet.DispatcherServlet        : Initializing Servlet 'dispatcherServlet'
2025-05-28T15:08:36.202+05:30  INFO 5664 --- [blog-app-apis] [http-nio-8080-exec-2] o.s.web.servlet.DispatcherServlet        : Completed initialization in 1 ms
2025-05-28T15:09:27.081+05:30  WARN 5664 --- [blog-app-apis] [http-nio-8080-exec-5] .m.m.a.ExceptionHandlerExceptionResolver : Resolved [org.springframework.web.bind.MethodArgumentNotValidException: Validation failed for argument [0] in public org.springframework.http.ResponseEntity<com.codewithantriksh.blog.payloads.CategoryDto> com.codewithantriksh.blog.controllers.CategoryController.createCategory(com.codewithantriksh.blog.payloads.CategoryDto) with 2 errors: [Field error in object 'categoryDto' on field 'categoryTitle': rejected value []; codes [NotBlank.categoryDto.categoryTitle,NotBlank.categoryTitle,NotBlank.java.lang.String,NotBlank]; arguments [org.springframework.context.support.DefaultMessageSourceResolvable: codes [categoryDto.categoryTitle,categoryTitle]; arguments []; default message [categoryTitle]]; default message [must not be blank]] [Field error in object 'categoryDto' on field 'categoryTitle': rejected value []; codes [Size.categoryDto.categoryTitle,Size.categoryTitle,Size.java.lang.String,Size]; arguments [org.springframework.context.support.DefaultMessageSourceResolvable: codes [categoryDto.categoryTitle,categoryTitle]; arguments []; default message [categoryTitle],2147483647,4]; default message [Min size of category title is 4]] ]
2025-05-28T15:09:29.839+05:30  WARN 5664 --- [blog-app-apis] [http-nio-8080-exec-7] .m.m.a.ExceptionHandlerExceptionResolver : Resolved [org.springframework.web.bind.MethodArgumentNotValidException: Validation failed for argument [0] in public org.springframework.http.ResponseEntity<com.codewithantriksh.blog.payloads.CategoryDto> com.codewithantriksh.blog.controllers.CategoryController.createCategory(com.codewithantriksh.blog.payloads.CategoryDto) with 2 errors: [Field error in object 'categoryDto' on field 'categoryTitle': rejected value []; codes [Size.categoryDto.categoryTitle,Size.categoryTitle,Size.java.lang.String,Size]; arguments [org.springframework.context.support.DefaultMessageSourceResolvable: codes [categoryDto.categoryTitle,categoryTitle]; arguments []; default message [categoryTitle],2147483647,4]; default message [Min size of category title is 4]] [Field error in object 'categoryDto' on field 'categoryTitle': rejected value []; codes [NotBlank.categoryDto.categoryTitle,NotBlank.categoryTitle,NotBlank.java.lang.String,NotBlank]; arguments [org.springframework.context.support.DefaultMessageSourceResolvable: codes [categoryDto.categoryTitle,categoryTitle]; arguments []; default message [categoryTitle]]; default message [must not be blank]] ]
2025-05-28T15:09:30.890+05:30  WARN 5664 --- [blog-app-apis] [http-nio-8080-exec-9] .m.m.a.ExceptionHandlerExceptionResolver : Resolved [org.springframework.web.bind.MethodArgumentNotValidException: Validation failed for argument [0] in public org.springframework.http.ResponseEntity<com.codewithantriksh.blog.payloads.CategoryDto> com.codewithantriksh.blog.controllers.CategoryController.createCategory(com.codewithantriksh.blog.payloads.CategoryDto) with 2 errors: [Field error in object 'categoryDto' on field 'categoryTitle': rejected value []; codes [Size.categoryDto.categoryTitle,Size.categoryTitle,Size.java.lang.String,Size]; arguments [org.springframework.context.support.DefaultMessageSourceResolvable: codes [categoryDto.categoryTitle,categoryTitle]; arguments []; default message [categoryTitle],2147483647,4]; default message [Min size of category title is 4]] [Field error in object 'categoryDto' on field 'categoryTitle': rejected value []; codes [NotBlank.categoryDto.categoryTitle,NotBlank.categoryTitle,NotBlank.java.lang.String,NotBlank]; arguments [org.springframework.context.support.DefaultMessageSourceResolvable: codes [categoryDto.categoryTitle,categoryTitle]; arguments []; default message [categoryTitle]]; default message [must not be blank]] ]
2025-05-28T15:10:16.674+05:30  WARN 5664 --- [blog-app-apis] [http-nio-8080-exec-5] .w.s.m.s.DefaultHandlerExceptionResolver : Resolved [org.springframework.web.HttpRequestMethodNotSupportedException: Request method 'POST' is not supported]
2025-05-28T15:12:40.870+05:30  INFO 5664 --- [blog-app-apis] [File Watcher] rtingClassPathChangeChangedEventListener : Restarting due to 1 class path change (0 additions, 0 deletions, 1 modification)
2025-05-28T15:12:40.872+05:30  INFO 5664 --- [blog-app-apis] [Thread-7] o.s.b.w.e.tomcat.GracefulShutdown        : Commencing graceful shutdown. Waiting for active requests to complete
2025-05-28T15:12:41.087+05:30  INFO 5664 --- [blog-app-apis] [tomcat-shutdown] o.s.b.w.e.tomcat.GracefulShutdown        : Graceful shutdown complete
2025-05-28T15:12:41.091+05:30  INFO 5664 --- [blog-app-apis] [Thread-7] j.LocalContainerEntityManagerFactoryBean : Closing JPA EntityManagerFactory for persistence unit 'default'
2025-05-28T15:12:41.092+05:30  INFO 5664 --- [blog-app-apis] [Thread-7] com.zaxxer.hikari.HikariDataSource       : HikariPool-2 - Shutdown initiated...
2025-05-28T15:12:41.101+05:30  INFO 5664 --- [blog-app-apis] [Thread-7] com.zaxxer.hikari.HikariDataSource       : HikariPool-2 - Shutdown completed.
2025-05-28T15:12:41.230+05:30  INFO 5664 --- [blog-app-apis] [restartedMain] c.c.blog.BlogAppApisApplication          : Starting BlogAppApisApplication using Java 17.0.11 with PID 5664 (C:\Users\antri\Git\repository4\blog-app-apis\target\classes started by antri in C:\Users\antri\Git\repository4\blog-app-apis)
2025-05-28T15:12:41.230+05:30 DEBUG 5664 --- [blog-app-apis] [restartedMain] c.c.blog.BlogAppApisApplication          : Running with Spring Boot v3.4.4, Spring v6.2.5
2025-05-28T15:12:41.231+05:30  INFO 5664 --- [blog-app-apis] [restartedMain] c.c.blog.BlogAppApisApplication          : No active profile set, falling back to 1 default profile: "default"
2025-05-28T15:12:41.440+05:30  INFO 5664 --- [blog-app-apis] [restartedMain] .s.d.r.c.RepositoryConfigurationDelegate : Bootstrapping Spring Data JPA repositories in DEFAULT mode.
2025-05-28T15:12:41.459+05:30  INFO 5664 --- [blog-app-apis] [restartedMain] .s.d.r.c.RepositoryConfigurationDelegate : Finished Spring Data repository scanning in 19 ms. Found 3 JPA repository interfaces.
2025-05-28T15:12:41.545+05:30  INFO 5664 --- [blog-app-apis] [restartedMain] o.s.b.w.embedded.tomcat.TomcatWebServer  : Tomcat initialized with port 8080 (http)
2025-05-28T15:12:41.546+05:30  INFO 5664 --- [blog-app-apis] [restartedMain] o.apache.catalina.core.StandardService   : Starting service [Tomcat]
2025-05-28T15:12:41.546+05:30  INFO 5664 --- [blog-app-apis] [restartedMain] o.apache.catalina.core.StandardEngine    : Starting Servlet engine: [Apache Tomcat/10.1.39]
2025-05-28T15:12:41.572+05:30  INFO 5664 --- [blog-app-apis] [restartedMain] o.a.c.c.C.[Tomcat].[localhost].[/]       : Initializing Spring embedded WebApplicationContext
2025-05-28T15:12:41.572+05:30  INFO 5664 --- [blog-app-apis] [restartedMain] w.s.c.ServletWebServerApplicationContext : Root WebApplicationContext: initialization completed in 338 ms
2025-05-28T15:12:41.607+05:30  INFO 5664 --- [blog-app-apis] [restartedMain] o.hibernate.jpa.internal.util.LogHelper  : HHH000204: Processing PersistenceUnitInfo [name: default]
2025-05-28T15:12:41.610+05:30  INFO 5664 --- [blog-app-apis] [restartedMain] o.h.c.internal.RegionFactoryInitiator    : HHH000026: Second-level cache disabled
2025-05-28T15:12:41.615+05:30  INFO 5664 --- [blog-app-apis] [restartedMain] o.s.o.j.p.SpringPersistenceUnitInfo      : No LoadTimeWeaver setup: ignoring JPA class transformer
2025-05-28T15:12:41.617+05:30  INFO 5664 --- [blog-app-apis] [restartedMain] com.zaxxer.hikari.HikariDataSource       : HikariPool-3 - Starting...
2025-05-28T15:12:41.637+05:30  INFO 5664 --- [blog-app-apis] [restartedMain] com.zaxxer.hikari.pool.HikariPool        : HikariPool-3 - Added connection com.mysql.cj.jdbc.ConnectionImpl@16688d87
2025-05-28T15:12:41.639+05:30  INFO 5664 --- [blog-app-apis] [restartedMain] com.zaxxer.hikari.HikariDataSource       : HikariPool-3 - Start completed.
2025-05-28T15:12:41.640+05:30  WARN 5664 --- [blog-app-apis] [restartedMain] org.hibernate.orm.deprecation            : HHH90000025: MySQL8Dialect does not need to be specified explicitly using 'hibernate.dialect' (remove the property setting and it will be selected by default)
2025-05-28T15:12:41.640+05:30  WARN 5664 --- [blog-app-apis] [restartedMain] org.hibernate.orm.deprecation            : HHH90000026: MySQL8Dialect has been deprecated; use org.hibernate.dialect.MySQLDialect instead
2025-05-28T15:12:41.640+05:30  INFO 5664 --- [blog-app-apis] [restartedMain] org.hibernate.orm.connections.pooling    : HHH10001005: Database info:
	Database JDBC URL [Connecting through datasource 'HikariDataSource (HikariPool-3)']
	Database driver: undefined/unknown
	Database version: 8.0
	Autocommit mode: undefined/unknown
	Isolation level: undefined/unknown
	Minimum pool size: undefined/unknown
	Maximum pool size: undefined/unknown
2025-05-28T15:12:41.727+05:30  INFO 5664 --- [blog-app-apis] [restartedMain] o.h.e.t.j.p.i.JtaPlatformInitiator       : HHH000489: No JTA platform available (set 'hibernate.transaction.jta.platform' to enable JTA platform integration)
2025-05-28T15:12:41.746+05:30  INFO 5664 --- [blog-app-apis] [restartedMain] j.LocalContainerEntityManagerFactoryBean : Initialized JPA EntityManagerFactory for persistence unit 'default'
2025-05-28T15:12:41.845+05:30  WARN 5664 --- [blog-app-apis] [restartedMain] JpaBaseConfiguration$JpaWebConfiguration : spring.jpa.open-in-view is enabled by default. Therefore, database queries may be performed during view rendering. Explicitly configure spring.jpa.open-in-view to disable this warning
2025-05-28T15:12:41.945+05:30  INFO 5664 --- [blog-app-apis] [restartedMain] o.s.b.d.a.OptionalLiveReloadServer       : LiveReload server is running on port 35729
2025-05-28T15:12:41.957+05:30  INFO 5664 --- [blog-app-apis] [restartedMain] o.s.b.w.embedded.tomcat.TomcatWebServer  : Tomcat started on port 8080 (http) with context path '/'
2025-05-28T15:12:41.964+05:30  INFO 5664 --- [blog-app-apis] [restartedMain] c.c.blog.BlogAppApisApplication          : Started BlogAppApisApplication in 0.783 seconds (process running for 687.998)
2025-05-28T15:12:41.967+05:30  INFO 5664 --- [blog-app-apis] [restartedMain] .ConditionEvaluationDeltaLoggingListener : Condition evaluation unchanged
2025-05-28T15:12:41.968+05:30  INFO 5664 --- [blog-app-apis] [restartedMain] c.c.blog.BlogAppApisApplication          : Blog Application Started...
2025-05-28T15:13:00.547+05:30  INFO 5664 --- [blog-app-apis] [http-nio-8080-exec-2] o.a.c.c.C.[Tomcat].[localhost].[/]       : Initializing Spring DispatcherServlet 'dispatcherServlet'
2025-05-28T15:13:00.547+05:30  INFO 5664 --- [blog-app-apis] [http-nio-8080-exec-2] o.s.web.servlet.DispatcherServlet        : Initializing Servlet 'dispatcherServlet'
2025-05-28T15:13:00.550+05:30  INFO 5664 --- [blog-app-apis] [http-nio-8080-exec-2] o.s.web.servlet.DispatcherServlet        : Completed initialization in 3 ms
2025-05-28T15:14:05.926+05:30  INFO 5664 --- [blog-app-apis] [RMI TCP Connection(29)-127.0.0.1] inMXBeanRegistrar$SpringApplicationAdmin : Application shutdown requested.
2025-05-28T15:14:05.926+05:30  INFO 5664 --- [blog-app-apis] [RMI TCP Connection(29)-127.0.0.1] o.s.b.w.e.tomcat.GracefulShutdown        : Commencing graceful shutdown. Waiting for active requests to complete
2025-05-28T15:14:06.038+05:30  INFO 5664 --- [blog-app-apis] [tomcat-shutdown] o.s.b.w.e.tomcat.GracefulShutdown        : Graceful shutdown complete
2025-05-28T15:14:06.040+05:30  INFO 5664 --- [blog-app-apis] [RMI TCP Connection(29)-127.0.0.1] j.LocalContainerEntityManagerFactoryBean : Closing JPA EntityManagerFactory for persistence unit 'default'
2025-05-28T15:14:06.041+05:30  INFO 5664 --- [blog-app-apis] [RMI TCP Connection(29)-127.0.0.1] com.zaxxer.hikari.HikariDataSource       : HikariPool-3 - Shutdown initiated...
2025-05-28T15:14:06.045+05:30  INFO 5664 --- [blog-app-apis] [RMI TCP Connection(29)-127.0.0.1] com.zaxxer.hikari.HikariDataSource       : HikariPool-3 - Shutdown completed.
2025-05-28T15:14:10.581+05:30  INFO 17944 --- [blog-app-apis] [restartedMain] c.c.blog.BlogAppApisApplication          : Starting BlogAppApisApplication using Java 17.0.11 with PID 17944 (C:\Users\antri\Git\repository4\blog-app-apis\target\classes started by antri in C:\Users\antri\Git\repository4\blog-app-apis)
2025-05-28T15:14:10.583+05:30 DEBUG 17944 --- [blog-app-apis] [restartedMain] c.c.blog.BlogAppApisApplication          : Running with Spring Boot v3.4.4, Spring v6.2.5
2025-05-28T15:14:10.584+05:30  INFO 17944 --- [blog-app-apis] [restartedMain] c.c.blog.BlogAppApisApplication          : No active profile set, falling back to 1 default profile: "default"
2025-05-28T15:14:10.621+05:30  INFO 17944 --- [blog-app-apis] [restartedMain] .e.DevToolsPropertyDefaultsPostProcessor : Devtools property defaults active! Set 'spring.devtools.add-properties' to 'false' to disable
2025-05-28T15:14:10.622+05:30  INFO 17944 --- [blog-app-apis] [restartedMain] .e.DevToolsPropertyDefaultsPostProcessor : For additional web related logging consider setting the 'logging.level.web' property to 'DEBUG'
2025-05-28T15:14:11.141+05:30  INFO 17944 --- [blog-app-apis] [restartedMain] .s.d.r.c.RepositoryConfigurationDelegate : Bootstrapping Spring Data JPA repositories in DEFAULT mode.
2025-05-28T15:14:11.185+05:30  INFO 17944 --- [blog-app-apis] [restartedMain] .s.d.r.c.RepositoryConfigurationDelegate : Finished Spring Data repository scanning in 37 ms. Found 3 JPA repository interfaces.
2025-05-28T15:14:11.543+05:30  INFO 17944 --- [blog-app-apis] [restartedMain] o.s.b.w.embedded.tomcat.TomcatWebServer  : Tomcat initialized with port 8080 (http)
2025-05-28T15:14:11.553+05:30  INFO 17944 --- [blog-app-apis] [restartedMain] o.apache.catalina.core.StandardService   : Starting service [Tomcat]
2025-05-28T15:14:11.554+05:30  INFO 17944 --- [blog-app-apis] [restartedMain] o.apache.catalina.core.StandardEngine    : Starting Servlet engine: [Apache Tomcat/10.1.39]
2025-05-28T15:14:11.595+05:30  INFO 17944 --- [blog-app-apis] [restartedMain] o.a.c.c.C.[Tomcat].[localhost].[/]       : Initializing Spring embedded WebApplicationContext
2025-05-28T15:14:11.595+05:30  INFO 17944 --- [blog-app-apis] [restartedMain] w.s.c.ServletWebServerApplicationContext : Root WebApplicationContext: initialization completed in 973 ms
2025-05-28T15:14:11.697+05:30  INFO 17944 --- [blog-app-apis] [restartedMain] o.hibernate.jpa.internal.util.LogHelper  : HHH000204: Processing PersistenceUnitInfo [name: default]
2025-05-28T15:14:11.727+05:30  INFO 17944 --- [blog-app-apis] [restartedMain] org.hibernate.Version                    : HHH000412: Hibernate ORM core version 6.6.11.Final
2025-05-28T15:14:11.748+05:30  INFO 17944 --- [blog-app-apis] [restartedMain] o.h.c.internal.RegionFactoryInitiator    : HHH000026: Second-level cache disabled
2025-05-28T15:14:11.931+05:30  INFO 17944 --- [blog-app-apis] [restartedMain] o.s.o.j.p.SpringPersistenceUnitInfo      : No LoadTimeWeaver setup: ignoring JPA class transformer
2025-05-28T15:14:11.958+05:30  INFO 17944 --- [blog-app-apis] [restartedMain] com.zaxxer.hikari.HikariDataSource       : HikariPool-1 - Starting...
2025-05-28T15:14:12.189+05:30  INFO 17944 --- [blog-app-apis] [restartedMain] com.zaxxer.hikari.pool.HikariPool        : HikariPool-1 - Added connection com.mysql.cj.jdbc.ConnectionImpl@6c57e0cd
2025-05-28T15:14:12.190+05:30  INFO 17944 --- [blog-app-apis] [restartedMain] com.zaxxer.hikari.HikariDataSource       : HikariPool-1 - Start completed.
2025-05-28T15:14:12.225+05:30  WARN 17944 --- [blog-app-apis] [restartedMain] org.hibernate.orm.deprecation            : HHH90000025: MySQL8Dialect does not need to be specified explicitly using 'hibernate.dialect' (remove the property setting and it will be selected by default)
2025-05-28T15:14:12.226+05:30  WARN 17944 --- [blog-app-apis] [restartedMain] org.hibernate.orm.deprecation            : HHH90000026: MySQL8Dialect has been deprecated; use org.hibernate.dialect.MySQLDialect instead
2025-05-28T15:14:12.241+05:30  INFO 17944 --- [blog-app-apis] [restartedMain] org.hibernate.orm.connections.pooling    : HHH10001005: Database info:
	Database JDBC URL [Connecting through datasource 'HikariDataSource (HikariPool-1)']
	Database driver: undefined/unknown
	Database version: 8.0
	Autocommit mode: undefined/unknown
	Isolation level: undefined/unknown
	Minimum pool size: undefined/unknown
	Maximum pool size: undefined/unknown
2025-05-28T15:14:12.965+05:30  INFO 17944 --- [blog-app-apis] [restartedMain] o.h.e.t.j.p.i.JtaPlatformInitiator       : HHH000489: No JTA platform available (set 'hibernate.transaction.jta.platform' to enable JTA platform integration)
2025-05-28T15:14:13.020+05:30  INFO 17944 --- [blog-app-apis] [restartedMain] j.LocalContainerEntityManagerFactoryBean : Initialized JPA EntityManagerFactory for persistence unit 'default'
2025-05-28T15:14:13.272+05:30  WARN 17944 --- [blog-app-apis] [restartedMain] JpaBaseConfiguration$JpaWebConfiguration : spring.jpa.open-in-view is enabled by default. Therefore, database queries may be performed during view rendering. Explicitly configure spring.jpa.open-in-view to disable this warning
2025-05-28T15:14:13.539+05:30  INFO 17944 --- [blog-app-apis] [restartedMain] o.s.b.d.a.OptionalLiveReloadServer       : LiveReload server is running on port 35729
2025-05-28T15:14:13.571+05:30  INFO 17944 --- [blog-app-apis] [restartedMain] o.s.b.w.embedded.tomcat.TomcatWebServer  : Tomcat started on port 8080 (http) with context path '/'
2025-05-28T15:14:13.580+05:30  INFO 17944 --- [blog-app-apis] [restartedMain] c.c.blog.BlogAppApisApplication          : Started BlogAppApisApplication in 3.317 seconds (process running for 3.772)
2025-05-28T15:14:13.582+05:30  INFO 17944 --- [blog-app-apis] [restartedMain] c.c.blog.BlogAppApisApplication          : Blog Application Started...
2025-05-28T15:14:14.812+05:30  INFO 17944 --- [blog-app-apis] [http-nio-8080-exec-1] o.a.c.c.C.[Tomcat].[localhost].[/]       : Initializing Spring DispatcherServlet 'dispatcherServlet'
2025-05-28T15:14:14.812+05:30  INFO 17944 --- [blog-app-apis] [http-nio-8080-exec-1] o.s.web.servlet.DispatcherServlet        : Initializing Servlet 'dispatcherServlet'
2025-05-28T15:14:14.813+05:30  INFO 17944 --- [blog-app-apis] [http-nio-8080-exec-1] o.s.web.servlet.DispatcherServlet        : Completed initialization in 1 ms
2025-05-28T15:14:45.303+05:30  WARN 17944 --- [blog-app-apis] [http-nio-8080-exec-4] .m.m.a.ExceptionHandlerExceptionResolver : Resolved [org.springframework.web.bind.MethodArgumentNotValidException: Validation failed for argument [0] in public org.springframework.http.ResponseEntity<com.codewithantriksh.blog.payloads.CategoryDto> com.codewithantriksh.blog.controllers.CategoryController.createCategory(com.codewithantriksh.blog.payloads.CategoryDto) with 2 errors: [Field error in object 'categoryDto' on field 'categoryTitle': rejected value []; codes [Size.categoryDto.categoryTitle,Size.categoryTitle,Size.java.lang.String,Size]; arguments [org.springframework.context.support.DefaultMessageSourceResolvable: codes [categoryDto.categoryTitle,categoryTitle]; arguments []; default message [categoryTitle],2147483647,4]; default message [Min size of category title is 4]] [Field error in object 'categoryDto' on field 'categoryTitle': rejected value []; codes [NotBlank.categoryDto.categoryTitle,NotBlank.categoryTitle,NotBlank.java.lang.String,NotBlank]; arguments [org.springframework.context.support.DefaultMessageSourceResolvable: codes [categoryDto.categoryTitle,categoryTitle]; arguments []; default message [categoryTitle]]; default message [must not be blank]] ]
2025-05-28T15:14:51.530+05:30  WARN 17944 --- [blog-app-apis] [http-nio-8080-exec-6] .m.m.a.ExceptionHandlerExceptionResolver : Resolved [org.springframework.web.bind.MethodArgumentNotValidException: Validation failed for argument [0] in public org.springframework.http.ResponseEntity<com.codewithantriksh.blog.payloads.CategoryDto> com.codewithantriksh.blog.controllers.CategoryController.createCategory(com.codewithantriksh.blog.payloads.CategoryDto) with 2 errors: [Field error in object 'categoryDto' on field 'categoryTitle': rejected value []; codes [Size.categoryDto.categoryTitle,Size.categoryTitle,Size.java.lang.String,Size]; arguments [org.springframework.context.support.DefaultMessageSourceResolvable: codes [categoryDto.categoryTitle,categoryTitle]; arguments []; default message [categoryTitle],2147483647,4]; default message [Min size of category title is 4]] [Field error in object 'categoryDto' on field 'categoryTitle': rejected value []; codes [NotBlank.categoryDto.categoryTitle,NotBlank.categoryTitle,NotBlank.java.lang.String,NotBlank]; arguments [org.springframework.context.support.DefaultMessageSourceResolvable: codes [categoryDto.categoryTitle,categoryTitle]; arguments []; default message [categoryTitle]]; default message [must not be blank]] ]
2025-05-28T15:15:17.915+05:30  WARN 17944 --- [blog-app-apis] [http-nio-8080-exec-3] .m.m.a.ExceptionHandlerExceptionResolver : Resolved [org.springframework.web.bind.MethodArgumentNotValidException: Validation failed for argument [0] in public org.springframework.http.ResponseEntity<com.codewithantriksh.blog.payloads.UserDto> com.codewithantriksh.blog.controllers.UserController.updateUser(com.codewithantriksh.blog.payloads.UserDto,java.lang.Integer): [Field error in object 'userDto' on field 'name': rejected value [A]; codes [Size.userDto.name,Size.name,Size.java.lang.String,Size]; arguments [org.springframework.context.support.DefaultMessageSourceResolvable: codes [userDto.name,name]; arguments []; default message [name],2147483647,4]; default message [Username must be min of 4 charaters]] ]
2025-05-28T15:20:21.618+05:30  INFO 17944 --- [blog-app-apis] [File Watcher] rtingClassPathChangeChangedEventListener : Restarting due to 1 class path change (0 additions, 0 deletions, 1 modification)
2025-05-28T15:20:21.621+05:30  INFO 17944 --- [blog-app-apis] [Thread-5] o.s.b.w.e.tomcat.GracefulShutdown        : Commencing graceful shutdown. Waiting for active requests to complete
2025-05-28T15:20:21.750+05:30  INFO 17944 --- [blog-app-apis] [tomcat-shutdown] o.s.b.w.e.tomcat.GracefulShutdown        : Graceful shutdown complete
2025-05-28T15:20:21.756+05:30  INFO 17944 --- [blog-app-apis] [Thread-5] j.LocalContainerEntityManagerFactoryBean : Closing JPA EntityManagerFactory for persistence unit 'default'
2025-05-28T15:20:21.759+05:30  INFO 17944 --- [blog-app-apis] [Thread-5] com.zaxxer.hikari.HikariDataSource       : HikariPool-1 - Shutdown initiated...
2025-05-28T15:20:21.767+05:30  INFO 17944 --- [blog-app-apis] [Thread-5] com.zaxxer.hikari.HikariDataSource       : HikariPool-1 - Shutdown completed.
2025-05-28T15:20:21.849+05:30  INFO 17944 --- [blog-app-apis] [restartedMain] c.c.blog.BlogAppApisApplication          : Starting BlogAppApisApplication using Java 17.0.11 with PID 17944 (C:\Users\antri\Git\repository4\blog-app-apis\target\classes started by antri in C:\Users\antri\Git\repository4\blog-app-apis)
2025-05-28T15:20:21.850+05:30 DEBUG 17944 --- [blog-app-apis] [restartedMain] c.c.blog.BlogAppApisApplication          : Running with Spring Boot v3.4.4, Spring v6.2.5
2025-05-28T15:20:21.850+05:30  INFO 17944 --- [blog-app-apis] [restartedMain] c.c.blog.BlogAppApisApplication          : No active profile set, falling back to 1 default profile: "default"
2025-05-28T15:20:22.029+05:30  INFO 17944 --- [blog-app-apis] [restartedMain] .s.d.r.c.RepositoryConfigurationDelegate : Bootstrapping Spring Data JPA repositories in DEFAULT mode.
2025-05-28T15:20:22.045+05:30  INFO 17944 --- [blog-app-apis] [restartedMain] .s.d.r.c.RepositoryConfigurationDelegate : Finished Spring Data repository scanning in 15 ms. Found 3 JPA repository interfaces.
2025-05-28T15:20:22.139+05:30  INFO 17944 --- [blog-app-apis] [restartedMain] o.s.b.w.embedded.tomcat.TomcatWebServer  : Tomcat initialized with port 8080 (http)
2025-05-28T15:20:22.141+05:30  INFO 17944 --- [blog-app-apis] [restartedMain] o.apache.catalina.core.StandardService   : Starting service [Tomcat]
2025-05-28T15:20:22.142+05:30  INFO 17944 --- [blog-app-apis] [restartedMain] o.apache.catalina.core.StandardEngine    : Starting Servlet engine: [Apache Tomcat/10.1.39]
2025-05-28T15:20:22.155+05:30  INFO 17944 --- [blog-app-apis] [restartedMain] o.a.c.c.C.[Tomcat].[localhost].[/]       : Initializing Spring embedded WebApplicationContext
2025-05-28T15:20:22.155+05:30  INFO 17944 --- [blog-app-apis] [restartedMain] w.s.c.ServletWebServerApplicationContext : Root WebApplicationContext: initialization completed in 303 ms
2025-05-28T15:20:22.192+05:30  INFO 17944 --- [blog-app-apis] [restartedMain] o.hibernate.jpa.internal.util.LogHelper  : HHH000204: Processing PersistenceUnitInfo [name: default]
2025-05-28T15:20:22.197+05:30  INFO 17944 --- [blog-app-apis] [restartedMain] o.h.c.internal.RegionFactoryInitiator    : HHH000026: Second-level cache disabled
2025-05-28T15:20:22.207+05:30  INFO 17944 --- [blog-app-apis] [restartedMain] o.s.o.j.p.SpringPersistenceUnitInfo      : No LoadTimeWeaver setup: ignoring JPA class transformer
2025-05-28T15:20:22.208+05:30  INFO 17944 --- [blog-app-apis] [restartedMain] com.zaxxer.hikari.HikariDataSource       : HikariPool-2 - Starting...
2025-05-28T15:20:22.227+05:30  INFO 17944 --- [blog-app-apis] [restartedMain] com.zaxxer.hikari.pool.HikariPool        : HikariPool-2 - Added connection com.mysql.cj.jdbc.ConnectionImpl@4544965f
2025-05-28T15:20:22.227+05:30  INFO 17944 --- [blog-app-apis] [restartedMain] com.zaxxer.hikari.HikariDataSource       : HikariPool-2 - Start completed.
2025-05-28T15:20:22.228+05:30  WARN 17944 --- [blog-app-apis] [restartedMain] org.hibernate.orm.deprecation            : HHH90000025: MySQL8Dialect does not need to be specified explicitly using 'hibernate.dialect' (remove the property setting and it will be selected by default)
2025-05-28T15:20:22.228+05:30  WARN 17944 --- [blog-app-apis] [restartedMain] org.hibernate.orm.deprecation            : HHH90000026: MySQL8Dialect has been deprecated; use org.hibernate.dialect.MySQLDialect instead
2025-05-28T15:20:22.229+05:30  INFO 17944 --- [blog-app-apis] [restartedMain] org.hibernate.orm.connections.pooling    : HHH10001005: Database info:
	Database JDBC URL [Connecting through datasource 'HikariDataSource (HikariPool-2)']
	Database driver: undefined/unknown
	Database version: 8.0
	Autocommit mode: undefined/unknown
	Isolation level: undefined/unknown
	Minimum pool size: undefined/unknown
	Maximum pool size: undefined/unknown
2025-05-28T15:20:22.304+05:30  INFO 17944 --- [blog-app-apis] [restartedMain] o.h.e.t.j.p.i.JtaPlatformInitiator       : HHH000489: No JTA platform available (set 'hibernate.transaction.jta.platform' to enable JTA platform integration)
2025-05-28T15:20:22.324+05:30  INFO 17944 --- [blog-app-apis] [restartedMain] j.LocalContainerEntityManagerFactoryBean : Initialized JPA EntityManagerFactory for persistence unit 'default'
2025-05-28T15:20:22.420+05:30  WARN 17944 --- [blog-app-apis] [restartedMain] JpaBaseConfiguration$JpaWebConfiguration : spring.jpa.open-in-view is enabled by default. Therefore, database queries may be performed during view rendering. Explicitly configure spring.jpa.open-in-view to disable this warning
2025-05-28T15:20:22.512+05:30  INFO 17944 --- [blog-app-apis] [restartedMain] o.s.b.d.a.OptionalLiveReloadServer       : LiveReload server is running on port 35729
2025-05-28T15:20:22.521+05:30  INFO 17944 --- [blog-app-apis] [restartedMain] o.s.b.w.embedded.tomcat.TomcatWebServer  : Tomcat started on port 8080 (http) with context path '/'
2025-05-28T15:20:22.524+05:30  INFO 17944 --- [blog-app-apis] [restartedMain] c.c.blog.BlogAppApisApplication          : Started BlogAppApisApplication in 0.704 seconds (process running for 372.716)
2025-05-28T15:20:22.529+05:30  INFO 17944 --- [blog-app-apis] [restartedMain] .ConditionEvaluationDeltaLoggingListener : Condition evaluation unchanged
2025-05-28T15:20:22.529+05:30  INFO 17944 --- [blog-app-apis] [restartedMain] c.c.blog.BlogAppApisApplication          : Blog Application Started...
2025-05-28T15:20:27.279+05:30  INFO 17944 --- [blog-app-apis] [http-nio-8080-exec-2] o.a.c.c.C.[Tomcat].[localhost].[/]       : Initializing Spring DispatcherServlet 'dispatcherServlet'
2025-05-28T15:20:27.279+05:30  INFO 17944 --- [blog-app-apis] [http-nio-8080-exec-2] o.s.web.servlet.DispatcherServlet        : Initializing Servlet 'dispatcherServlet'
2025-05-28T15:20:27.279+05:30  INFO 17944 --- [blog-app-apis] [http-nio-8080-exec-2] o.s.web.servlet.DispatcherServlet        : Completed initialization in 0 ms
2025-05-28T15:21:39.501+05:30  WARN 17944 --- [blog-app-apis] [http-nio-8080-exec-3] .m.m.a.ExceptionHandlerExceptionResolver : Resolved [com.codewithantriksh.blog.exceptions.ResourceNotFoundException: User not found with User id : 3]
2025-05-28T15:21:49.444+05:30  WARN 17944 --- [blog-app-apis] [http-nio-8080-exec-8] .m.m.a.ExceptionHandlerExceptionResolver : Resolved [com.codewithantriksh.blog.exceptions.ResourceNotFoundException: User not found with User id : 455]
2025-05-28T15:21:56.506+05:30  WARN 17944 --- [blog-app-apis] [http-nio-8080-exec-10] .m.m.a.ExceptionHandlerExceptionResolver : Resolved [com.codewithantriksh.blog.exceptions.ResourceNotFoundException: User not found with User id : 3]
2025-05-28T15:22:39.221+05:30 ERROR 17944 --- [blog-app-apis] [http-nio-8080-exec-5] o.a.c.c.C.[.[.[/].[dispatcherServlet]    : Servlet.service() for servlet [dispatcherServlet] in context with path [] threw exception [Request processing failed: org.springframework.orm.ObjectOptimisticLockingFailureException: Row was updated or deleted by another transaction (or unsaved-value mapping was incorrect): [com.codewithantriksh.blog.entities.User#5]] with root cause

org.hibernate.StaleObjectStateException: Row was updated or deleted by another transaction (or unsaved-value mapping was incorrect): [com.codewithantriksh.blog.entities.User#5]
	at org.hibernate.event.internal.DefaultMergeEventListener.entityIsDetached(DefaultMergeEventListener.java:426) ~[hibernate-core-6.6.11.Final.jar:6.6.11.Final]
	at org.hibernate.event.internal.DefaultMergeEventListener.merge(DefaultMergeEventListener.java:214) ~[hibernate-core-6.6.11.Final.jar:6.6.11.Final]
	at org.hibernate.event.internal.DefaultMergeEventListener.doMerge(DefaultMergeEventListener.java:152) ~[hibernate-core-6.6.11.Final.jar:6.6.11.Final]
	at org.hibernate.event.internal.DefaultMergeEventListener.onMerge(DefaultMergeEventListener.java:136) ~[hibernate-core-6.6.11.Final.jar:6.6.11.Final]
	at org.hibernate.event.internal.DefaultMergeEventListener.onMerge(DefaultMergeEventListener.java:89) ~[hibernate-core-6.6.11.Final.jar:6.6.11.Final]
	at org.hibernate.event.service.internal.EventListenerGroupImpl.fireEventOnEachListener(EventListenerGroupImpl.java:127) ~[hibernate-core-6.6.11.Final.jar:6.6.11.Final]
	at org.hibernate.internal.SessionImpl.fireMerge(SessionImpl.java:854) ~[hibernate-core-6.6.11.Final.jar:6.6.11.Final]
	at org.hibernate.internal.SessionImpl.merge(SessionImpl.java:840) ~[hibernate-core-6.6.11.Final.jar:6.6.11.Final]
	at java.base/jdk.internal.reflect.NativeMethodAccessorImpl.invoke0(Native Method) ~[na:na]
	at java.base/jdk.internal.reflect.NativeMethodAccessorImpl.invoke(NativeMethodAccessorImpl.java:77) ~[na:na]
	at java.base/jdk.internal.reflect.DelegatingMethodAccessorImpl.invoke(DelegatingMethodAccessorImpl.java:43) ~[na:na]
	at java.base/java.lang.reflect.Method.invoke(Method.java:568) ~[na:na]
	at org.springframework.orm.jpa.ExtendedEntityManagerCreator$ExtendedEntityManagerInvocationHandler.invoke(ExtendedEntityManagerCreator.java:364) ~[spring-orm-6.2.5.jar:6.2.5]
	at jdk.proxy5/jdk.proxy5.$Proxy147.merge(Unknown Source) ~[na:na]
	at java.base/jdk.internal.reflect.NativeMethodAccessorImpl.invoke0(Native Method) ~[na:na]
	at java.base/jdk.internal.reflect.NativeMethodAccessorImpl.invoke(NativeMethodAccessorImpl.java:77) ~[na:na]
	at java.base/jdk.internal.reflect.DelegatingMethodAccessorImpl.invoke(DelegatingMethodAccessorImpl.java:43) ~[na:na]
	at java.base/java.lang.reflect.Method.invoke(Method.java:568) ~[na:na]
	at org.springframework.orm.jpa.SharedEntityManagerCreator$SharedEntityManagerInvocationHandler.invoke(SharedEntityManagerCreator.java:320) ~[spring-orm-6.2.5.jar:6.2.5]
	at jdk.proxy5/jdk.proxy5.$Proxy147.merge(Unknown Source) ~[na:na]
	at org.springframework.data.jpa.repository.support.SimpleJpaRepository.save(SimpleJpaRepository.java:639) ~[spring-data-jpa-3.4.4.jar:3.4.4]
	at java.base/jdk.internal.reflect.NativeMethodAccessorImpl.invoke0(Native Method) ~[na:na]
	at java.base/jdk.internal.reflect.NativeMethodAccessorImpl.invoke(NativeMethodAccessorImpl.java:77) ~[na:na]
	at java.base/jdk.internal.reflect.DelegatingMethodAccessorImpl.invoke(DelegatingMethodAccessorImpl.java:43) ~[na:na]
	at java.base/java.lang.reflect.Method.invoke(Method.java:568) ~[na:na]
	at org.springframework.aop.support.AopUtils.invokeJoinpointUsingReflection(AopUtils.java:359) ~[spring-aop-6.2.5.jar:6.2.5]
	at org.springframework.data.repository.core.support.RepositoryMethodInvoker$RepositoryFragmentMethodInvoker.lambda$new$0(RepositoryMethodInvoker.java:277) ~[spring-data-commons-3.4.4.jar:3.4.4]
	at org.springframework.data.repository.core.support.RepositoryMethodInvoker.doInvoke(RepositoryMethodInvoker.java:170) ~[spring-data-commons-3.4.4.jar:3.4.4]
	at org.springframework.data.repository.core.support.RepositoryMethodInvoker.invoke(RepositoryMethodInvoker.java:158) ~[spring-data-commons-3.4.4.jar:3.4.4]
	at org.springframework.data.repository.core.support.RepositoryComposition$RepositoryFragments.invoke(RepositoryComposition.java:515) ~[spring-data-commons-3.4.4.jar:3.4.4]
	at org.springframework.data.repository.core.support.RepositoryComposition.invoke(RepositoryComposition.java:284) ~[spring-data-commons-3.4.4.jar:3.4.4]
	at org.springframework.data.repository.core.support.RepositoryFactorySupport$ImplementationMethodExecutionInterceptor.invoke(RepositoryFactorySupport.java:731) ~[spring-data-commons-3.4.4.jar:3.4.4]
	at org.springframework.aop.framework.ReflectiveMethodInvocation.proceed(ReflectiveMethodInvocation.java:184) ~[spring-aop-6.2.5.jar:6.2.5]
	at org.springframework.data.repository.core.support.QueryExecutorMethodInterceptor.doInvoke(QueryExecutorMethodInterceptor.java:174) ~[spring-data-commons-3.4.4.jar:3.4.4]
	at org.springframework.data.repository.core.support.QueryExecutorMethodInterceptor.invoke(QueryExecutorMethodInterceptor.java:149) ~[spring-data-commons-3.4.4.jar:3.4.4]
	at org.springframework.aop.framework.ReflectiveMethodInvocation.proceed(ReflectiveMethodInvocation.java:184) ~[spring-aop-6.2.5.jar:6.2.5]
	at org.springframework.data.projection.DefaultMethodInvokingMethodInterceptor.invoke(DefaultMethodInvokingMethodInterceptor.java:69) ~[spring-data-commons-3.4.4.jar:3.4.4]
	at org.springframework.aop.framework.ReflectiveMethodInvocation.proceed(ReflectiveMethodInvocation.java:184) ~[spring-aop-6.2.5.jar:6.2.5]
	at org.springframework.transaction.interceptor.TransactionAspectSupport.invokeWithinTransaction(TransactionAspectSupport.java:380) ~[spring-tx-6.2.5.jar:6.2.5]
	at org.springframework.transaction.interceptor.TransactionInterceptor.invoke(TransactionInterceptor.java:119) ~[spring-tx-6.2.5.jar:6.2.5]
	at org.springframework.aop.framework.ReflectiveMethodInvocation.proceed(ReflectiveMethodInvocation.java:184) ~[spring-aop-6.2.5.jar:6.2.5]
	at org.springframework.dao.support.PersistenceExceptionTranslationInterceptor.invoke(PersistenceExceptionTranslationInterceptor.java:138) ~[spring-tx-6.2.5.jar:6.2.5]
	at org.springframework.aop.framework.ReflectiveMethodInvocation.proceed(ReflectiveMethodInvocation.java:184) ~[spring-aop-6.2.5.jar:6.2.5]
	at org.springframework.data.jpa.repository.support.CrudMethodMetadataPostProcessor$CrudMethodMetadataPopulatingMethodInterceptor.invoke(CrudMethodMetadataPostProcessor.java:165) ~[spring-data-jpa-3.4.4.jar:3.4.4]
	at org.springframework.aop.framework.ReflectiveMethodInvocation.proceed(ReflectiveMethodInvocation.java:184) ~[spring-aop-6.2.5.jar:6.2.5]
	at org.springframework.aop.framework.JdkDynamicAopProxy.invoke(JdkDynamicAopProxy.java:223) ~[spring-aop-6.2.5.jar:6.2.5]
	at jdk.proxy5/jdk.proxy5.$Proxy151.save(Unknown Source) ~[na:na]
	at com.codewithantriksh.blog.services.impl.UserServiceImpl.createUer(UserServiceImpl.java:29) ~[classes/:na]
	at com.codewithantriksh.blog.controllers.UserController.createUser(UserController.java:43) ~[classes/:na]
	at java.base/jdk.internal.reflect.NativeMethodAccessorImpl.invoke0(Native Method) ~[na:na]
	at java.base/jdk.internal.reflect.NativeMethodAccessorImpl.invoke(NativeMethodAccessorImpl.java:77) ~[na:na]
	at java.base/jdk.internal.reflect.DelegatingMethodAccessorImpl.invoke(DelegatingMethodAccessorImpl.java:43) ~[na:na]
	at java.base/java.lang.reflect.Method.invoke(Method.java:568) ~[na:na]
	at org.springframework.web.method.support.InvocableHandlerMethod.doInvoke(InvocableHandlerMethod.java:258) ~[spring-web-6.2.5.jar:6.2.5]
	at org.springframework.web.method.support.InvocableHandlerMethod.invokeForRequest(InvocableHandlerMethod.java:191) ~[spring-web-6.2.5.jar:6.2.5]
	at org.springframework.web.servlet.mvc.method.annotation.ServletInvocableHandlerMethod.invokeAndHandle(ServletInvocableHandlerMethod.java:118) ~[spring-webmvc-6.2.5.jar:6.2.5]
	at org.springframework.web.servlet.mvc.method.annotation.RequestMappingHandlerAdapter.invokeHandlerMethod(RequestMappingHandlerAdapter.java:986) ~[spring-webmvc-6.2.5.jar:6.2.5]
	at org.springframework.web.servlet.mvc.method.annotation.RequestMappingHandlerAdapter.handleInternal(RequestMappingHandlerAdapter.java:891) ~[spring-webmvc-6.2.5.jar:6.2.5]
	at org.springframework.web.servlet.mvc.method.AbstractHandlerMethodAdapter.handle(AbstractHandlerMethodAdapter.java:87) ~[spring-webmvc-6.2.5.jar:6.2.5]
	at org.springframework.web.servlet.DispatcherServlet.doDispatch(DispatcherServlet.java:1089) ~[spring-webmvc-6.2.5.jar:6.2.5]
	at org.springframework.web.servlet.DispatcherServlet.doService(DispatcherServlet.java:979) ~[spring-webmvc-6.2.5.jar:6.2.5]
	at org.springframework.web.servlet.FrameworkServlet.processRequest(FrameworkServlet.java:1014) ~[spring-webmvc-6.2.5.jar:6.2.5]
	at org.springframework.web.servlet.FrameworkServlet.doPost(FrameworkServlet.java:914) ~[spring-webmvc-6.2.5.jar:6.2.5]
	at jakarta.servlet.http.HttpServlet.service(HttpServlet.java:590) ~[tomcat-embed-core-10.1.39.jar:6.0]
	at org.springframework.web.servlet.FrameworkServlet.service(FrameworkServlet.java:885) ~[spring-webmvc-6.2.5.jar:6.2.5]
	at jakarta.servlet.http.HttpServlet.service(HttpServlet.java:658) ~[tomcat-embed-core-10.1.39.jar:6.0]
	at org.apache.catalina.core.ApplicationFilterChain.internalDoFilter(ApplicationFilterChain.java:195) ~[tomcat-embed-core-10.1.39.jar:10.1.39]
	at org.apache.catalina.core.ApplicationFilterChain.doFilter(ApplicationFilterChain.java:140) ~[tomcat-embed-core-10.1.39.jar:10.1.39]
	at org.apache.tomcat.websocket.server.WsFilter.doFilter(WsFilter.java:51) ~[tomcat-embed-websocket-10.1.39.jar:10.1.39]
	at org.apache.catalina.core.ApplicationFilterChain.internalDoFilter(ApplicationFilterChain.java:164) ~[tomcat-embed-core-10.1.39.jar:10.1.39]
	at org.apache.catalina.core.ApplicationFilterChain.doFilter(ApplicationFilterChain.java:140) ~[tomcat-embed-core-10.1.39.jar:10.1.39]
	at org.springframework.web.filter.RequestContextFilter.doFilterInternal(RequestContextFilter.java:100) ~[spring-web-6.2.5.jar:6.2.5]
	at org.springframework.web.filter.OncePerRequestFilter.doFilter(OncePerRequestFilter.java:116) ~[spring-web-6.2.5.jar:6.2.5]
	at org.apache.catalina.core.ApplicationFilterChain.internalDoFilter(ApplicationFilterChain.java:164) ~[tomcat-embed-core-10.1.39.jar:10.1.39]
	at org.apache.catalina.core.ApplicationFilterChain.doFilter(ApplicationFilterChain.java:140) ~[tomcat-embed-core-10.1.39.jar:10.1.39]
	at org.springframework.web.filter.FormContentFilter.doFilterInternal(FormContentFilter.java:93) ~[spring-web-6.2.5.jar:6.2.5]
	at org.springframework.web.filter.OncePerRequestFilter.doFilter(OncePerRequestFilter.java:116) ~[spring-web-6.2.5.jar:6.2.5]
	at org.apache.catalina.core.ApplicationFilterChain.internalDoFilter(ApplicationFilterChain.java:164) ~[tomcat-embed-core-10.1.39.jar:10.1.39]
	at org.apache.catalina.core.ApplicationFilterChain.doFilter(ApplicationFilterChain.java:140) ~[tomcat-embed-core-10.1.39.jar:10.1.39]
	at org.springframework.web.filter.CharacterEncodingFilter.doFilterInternal(CharacterEncodingFilter.java:201) ~[spring-web-6.2.5.jar:6.2.5]
	at org.springframework.web.filter.OncePerRequestFilter.doFilter(OncePerRequestFilter.java:116) ~[spring-web-6.2.5.jar:6.2.5]
	at org.apache.catalina.core.ApplicationFilterChain.internalDoFilter(ApplicationFilterChain.java:164) ~[tomcat-embed-core-10.1.39.jar:10.1.39]
	at org.apache.catalina.core.ApplicationFilterChain.doFilter(ApplicationFilterChain.java:140) ~[tomcat-embed-core-10.1.39.jar:10.1.39]
	at org.apache.catalina.core.StandardWrapperValve.invoke(StandardWrapperValve.java:167) ~[tomcat-embed-core-10.1.39.jar:10.1.39]
	at org.apache.catalina.core.StandardContextValve.invoke(StandardContextValve.java:90) ~[tomcat-embed-core-10.1.39.jar:10.1.39]
	at org.apache.catalina.authenticator.AuthenticatorBase.invoke(AuthenticatorBase.java:483) ~[tomcat-embed-core-10.1.39.jar:10.1.39]
	at org.apache.catalina.core.StandardHostValve.invoke(StandardHostValve.java:115) ~[tomcat-embed-core-10.1.39.jar:10.1.39]
	at org.apache.catalina.valves.ErrorReportValve.invoke(ErrorReportValve.java:93) ~[tomcat-embed-core-10.1.39.jar:10.1.39]
	at org.apache.catalina.core.StandardEngineValve.invoke(StandardEngineValve.java:74) ~[tomcat-embed-core-10.1.39.jar:10.1.39]
	at org.apache.catalina.connector.CoyoteAdapter.service(CoyoteAdapter.java:344) ~[tomcat-embed-core-10.1.39.jar:10.1.39]
	at org.apache.coyote.http11.Http11Processor.service(Http11Processor.java:397) ~[tomcat-embed-core-10.1.39.jar:10.1.39]
	at org.apache.coyote.AbstractProcessorLight.process(AbstractProcessorLight.java:63) ~[tomcat-embed-core-10.1.39.jar:10.1.39]
	at org.apache.coyote.AbstractProtocol$ConnectionHandler.process(AbstractProtocol.java:905) ~[tomcat-embed-core-10.1.39.jar:10.1.39]
	at org.apache.tomcat.util.net.NioEndpoint$SocketProcessor.doRun(NioEndpoint.java:1743) ~[tomcat-embed-core-10.1.39.jar:10.1.39]
	at org.apache.tomcat.util.net.SocketProcessorBase.run(SocketProcessorBase.java:52) ~[tomcat-embed-core-10.1.39.jar:10.1.39]
	at org.apache.tomcat.util.threads.ThreadPoolExecutor.runWorker(ThreadPoolExecutor.java:1190) ~[tomcat-embed-core-10.1.39.jar:10.1.39]
	at org.apache.tomcat.util.threads.ThreadPoolExecutor$Worker.run(ThreadPoolExecutor.java:659) ~[tomcat-embed-core-10.1.39.jar:10.1.39]
	at org.apache.tomcat.util.threads.TaskThread$WrappingRunnable.run(TaskThread.java:63) ~[tomcat-embed-core-10.1.39.jar:10.1.39]
	at java.base/java.lang.Thread.run(Thread.java:842) ~[na:na]

2025-05-28T15:23:19.486+05:30 ERROR 17944 --- [blog-app-apis] [http-nio-8080-exec-2] o.a.c.c.C.[.[.[/].[dispatcherServlet]    : Servlet.service() for servlet [dispatcherServlet] in context with path [] threw exception [Request processing failed: org.springframework.orm.ObjectOptimisticLockingFailureException: Row was updated or deleted by another transaction (or unsaved-value mapping was incorrect): [com.codewithantriksh.blog.entities.User#5]] with root cause

org.hibernate.StaleObjectStateException: Row was updated or deleted by another transaction (or unsaved-value mapping was incorrect): [com.codewithantriksh.blog.entities.User#5]
	at org.hibernate.event.internal.DefaultMergeEventListener.entityIsDetached(DefaultMergeEventListener.java:426) ~[hibernate-core-6.6.11.Final.jar:6.6.11.Final]
	at org.hibernate.event.internal.DefaultMergeEventListener.merge(DefaultMergeEventListener.java:214) ~[hibernate-core-6.6.11.Final.jar:6.6.11.Final]
	at org.hibernate.event.internal.DefaultMergeEventListener.doMerge(DefaultMergeEventListener.java:152) ~[hibernate-core-6.6.11.Final.jar:6.6.11.Final]
	at org.hibernate.event.internal.DefaultMergeEventListener.onMerge(DefaultMergeEventListener.java:136) ~[hibernate-core-6.6.11.Final.jar:6.6.11.Final]
	at org.hibernate.event.internal.DefaultMergeEventListener.onMerge(DefaultMergeEventListener.java:89) ~[hibernate-core-6.6.11.Final.jar:6.6.11.Final]
	at org.hibernate.event.service.internal.EventListenerGroupImpl.fireEventOnEachListener(EventListenerGroupImpl.java:127) ~[hibernate-core-6.6.11.Final.jar:6.6.11.Final]
	at org.hibernate.internal.SessionImpl.fireMerge(SessionImpl.java:854) ~[hibernate-core-6.6.11.Final.jar:6.6.11.Final]
	at org.hibernate.internal.SessionImpl.merge(SessionImpl.java:840) ~[hibernate-core-6.6.11.Final.jar:6.6.11.Final]
	at java.base/jdk.internal.reflect.NativeMethodAccessorImpl.invoke0(Native Method) ~[na:na]
	at java.base/jdk.internal.reflect.NativeMethodAccessorImpl.invoke(NativeMethodAccessorImpl.java:77) ~[na:na]
	at java.base/jdk.internal.reflect.DelegatingMethodAccessorImpl.invoke(DelegatingMethodAccessorImpl.java:43) ~[na:na]
	at java.base/java.lang.reflect.Method.invoke(Method.java:568) ~[na:na]
	at org.springframework.orm.jpa.ExtendedEntityManagerCreator$ExtendedEntityManagerInvocationHandler.invoke(ExtendedEntityManagerCreator.java:364) ~[spring-orm-6.2.5.jar:6.2.5]
	at jdk.proxy5/jdk.proxy5.$Proxy147.merge(Unknown Source) ~[na:na]
	at java.base/jdk.internal.reflect.NativeMethodAccessorImpl.invoke0(Native Method) ~[na:na]
	at java.base/jdk.internal.reflect.NativeMethodAccessorImpl.invoke(NativeMethodAccessorImpl.java:77) ~[na:na]
	at java.base/jdk.internal.reflect.DelegatingMethodAccessorImpl.invoke(DelegatingMethodAccessorImpl.java:43) ~[na:na]
	at java.base/java.lang.reflect.Method.invoke(Method.java:568) ~[na:na]
	at org.springframework.orm.jpa.SharedEntityManagerCreator$SharedEntityManagerInvocationHandler.invoke(SharedEntityManagerCreator.java:320) ~[spring-orm-6.2.5.jar:6.2.5]
	at jdk.proxy5/jdk.proxy5.$Proxy147.merge(Unknown Source) ~[na:na]
	at org.springframework.data.jpa.repository.support.SimpleJpaRepository.save(SimpleJpaRepository.java:639) ~[spring-data-jpa-3.4.4.jar:3.4.4]
	at java.base/jdk.internal.reflect.NativeMethodAccessorImpl.invoke0(Native Method) ~[na:na]
	at java.base/jdk.internal.reflect.NativeMethodAccessorImpl.invoke(NativeMethodAccessorImpl.java:77) ~[na:na]
	at java.base/jdk.internal.reflect.DelegatingMethodAccessorImpl.invoke(DelegatingMethodAccessorImpl.java:43) ~[na:na]
	at java.base/java.lang.reflect.Method.invoke(Method.java:568) ~[na:na]
	at org.springframework.aop.support.AopUtils.invokeJoinpointUsingReflection(AopUtils.java:359) ~[spring-aop-6.2.5.jar:6.2.5]
	at org.springframework.data.repository.core.support.RepositoryMethodInvoker$RepositoryFragmentMethodInvoker.lambda$new$0(RepositoryMethodInvoker.java:277) ~[spring-data-commons-3.4.4.jar:3.4.4]
	at org.springframework.data.repository.core.support.RepositoryMethodInvoker.doInvoke(RepositoryMethodInvoker.java:170) ~[spring-data-commons-3.4.4.jar:3.4.4]
	at org.springframework.data.repository.core.support.RepositoryMethodInvoker.invoke(RepositoryMethodInvoker.java:158) ~[spring-data-commons-3.4.4.jar:3.4.4]
	at org.springframework.data.repository.core.support.RepositoryComposition$RepositoryFragments.invoke(RepositoryComposition.java:515) ~[spring-data-commons-3.4.4.jar:3.4.4]
	at org.springframework.data.repository.core.support.RepositoryComposition.invoke(RepositoryComposition.java:284) ~[spring-data-commons-3.4.4.jar:3.4.4]
	at org.springframework.data.repository.core.support.RepositoryFactorySupport$ImplementationMethodExecutionInterceptor.invoke(RepositoryFactorySupport.java:731) ~[spring-data-commons-3.4.4.jar:3.4.4]
	at org.springframework.aop.framework.ReflectiveMethodInvocation.proceed(ReflectiveMethodInvocation.java:184) ~[spring-aop-6.2.5.jar:6.2.5]
	at org.springframework.data.repository.core.support.QueryExecutorMethodInterceptor.doInvoke(QueryExecutorMethodInterceptor.java:174) ~[spring-data-commons-3.4.4.jar:3.4.4]
	at org.springframework.data.repository.core.support.QueryExecutorMethodInterceptor.invoke(QueryExecutorMethodInterceptor.java:149) ~[spring-data-commons-3.4.4.jar:3.4.4]
	at org.springframework.aop.framework.ReflectiveMethodInvocation.proceed(ReflectiveMethodInvocation.java:184) ~[spring-aop-6.2.5.jar:6.2.5]
	at org.springframework.data.projection.DefaultMethodInvokingMethodInterceptor.invoke(DefaultMethodInvokingMethodInterceptor.java:69) ~[spring-data-commons-3.4.4.jar:3.4.4]
	at org.springframework.aop.framework.ReflectiveMethodInvocation.proceed(ReflectiveMethodInvocation.java:184) ~[spring-aop-6.2.5.jar:6.2.5]
	at org.springframework.transaction.interceptor.TransactionAspectSupport.invokeWithinTransaction(TransactionAspectSupport.java:380) ~[spring-tx-6.2.5.jar:6.2.5]
	at org.springframework.transaction.interceptor.TransactionInterceptor.invoke(TransactionInterceptor.java:119) ~[spring-tx-6.2.5.jar:6.2.5]
	at org.springframework.aop.framework.ReflectiveMethodInvocation.proceed(ReflectiveMethodInvocation.java:184) ~[spring-aop-6.2.5.jar:6.2.5]
	at org.springframework.dao.support.PersistenceExceptionTranslationInterceptor.invoke(PersistenceExceptionTranslationInterceptor.java:138) ~[spring-tx-6.2.5.jar:6.2.5]
	at org.springframework.aop.framework.ReflectiveMethodInvocation.proceed(ReflectiveMethodInvocation.java:184) ~[spring-aop-6.2.5.jar:6.2.5]
	at org.springframework.data.jpa.repository.support.CrudMethodMetadataPostProcessor$CrudMethodMetadataPopulatingMethodInterceptor.invoke(CrudMethodMetadataPostProcessor.java:165) ~[spring-data-jpa-3.4.4.jar:3.4.4]
	at org.springframework.aop.framework.ReflectiveMethodInvocation.proceed(ReflectiveMethodInvocation.java:184) ~[spring-aop-6.2.5.jar:6.2.5]
	at org.springframework.aop.framework.JdkDynamicAopProxy.invoke(JdkDynamicAopProxy.java:223) ~[spring-aop-6.2.5.jar:6.2.5]
	at jdk.proxy5/jdk.proxy5.$Proxy151.save(Unknown Source) ~[na:na]
	at com.codewithantriksh.blog.services.impl.UserServiceImpl.createUer(UserServiceImpl.java:29) ~[classes/:na]
	at com.codewithantriksh.blog.controllers.UserController.createUser(UserController.java:43) ~[classes/:na]
	at java.base/jdk.internal.reflect.NativeMethodAccessorImpl.invoke0(Native Method) ~[na:na]
	at java.base/jdk.internal.reflect.NativeMethodAccessorImpl.invoke(NativeMethodAccessorImpl.java:77) ~[na:na]
	at java.base/jdk.internal.reflect.DelegatingMethodAccessorImpl.invoke(DelegatingMethodAccessorImpl.java:43) ~[na:na]
	at java.base/java.lang.reflect.Method.invoke(Method.java:568) ~[na:na]
	at org.springframework.web.method.support.InvocableHandlerMethod.doInvoke(InvocableHandlerMethod.java:258) ~[spring-web-6.2.5.jar:6.2.5]
	at org.springframework.web.method.support.InvocableHandlerMethod.invokeForRequest(InvocableHandlerMethod.java:191) ~[spring-web-6.2.5.jar:6.2.5]
	at org.springframework.web.servlet.mvc.method.annotation.ServletInvocableHandlerMethod.invokeAndHandle(ServletInvocableHandlerMethod.java:118) ~[spring-webmvc-6.2.5.jar:6.2.5]
	at org.springframework.web.servlet.mvc.method.annotation.RequestMappingHandlerAdapter.invokeHandlerMethod(RequestMappingHandlerAdapter.java:986) ~[spring-webmvc-6.2.5.jar:6.2.5]
	at org.springframework.web.servlet.mvc.method.annotation.RequestMappingHandlerAdapter.handleInternal(RequestMappingHandlerAdapter.java:891) ~[spring-webmvc-6.2.5.jar:6.2.5]
	at org.springframework.web.servlet.mvc.method.AbstractHandlerMethodAdapter.handle(AbstractHandlerMethodAdapter.java:87) ~[spring-webmvc-6.2.5.jar:6.2.5]
	at org.springframework.web.servlet.DispatcherServlet.doDispatch(DispatcherServlet.java:1089) ~[spring-webmvc-6.2.5.jar:6.2.5]
	at org.springframework.web.servlet.DispatcherServlet.doService(DispatcherServlet.java:979) ~[spring-webmvc-6.2.5.jar:6.2.5]
	at org.springframework.web.servlet.FrameworkServlet.processRequest(FrameworkServlet.java:1014) ~[spring-webmvc-6.2.5.jar:6.2.5]
	at org.springframework.web.servlet.FrameworkServlet.doPost(FrameworkServlet.java:914) ~[spring-webmvc-6.2.5.jar:6.2.5]
	at jakarta.servlet.http.HttpServlet.service(HttpServlet.java:590) ~[tomcat-embed-core-10.1.39.jar:6.0]
	at org.springframework.web.servlet.FrameworkServlet.service(FrameworkServlet.java:885) ~[spring-webmvc-6.2.5.jar:6.2.5]
	at jakarta.servlet.http.HttpServlet.service(HttpServlet.java:658) ~[tomcat-embed-core-10.1.39.jar:6.0]
	at org.apache.catalina.core.ApplicationFilterChain.internalDoFilter(ApplicationFilterChain.java:195) ~[tomcat-embed-core-10.1.39.jar:10.1.39]
	at org.apache.catalina.core.ApplicationFilterChain.doFilter(ApplicationFilterChain.java:140) ~[tomcat-embed-core-10.1.39.jar:10.1.39]
	at org.apache.tomcat.websocket.server.WsFilter.doFilter(WsFilter.java:51) ~[tomcat-embed-websocket-10.1.39.jar:10.1.39]
	at org.apache.catalina.core.ApplicationFilterChain.internalDoFilter(ApplicationFilterChain.java:164) ~[tomcat-embed-core-10.1.39.jar:10.1.39]
	at org.apache.catalina.core.ApplicationFilterChain.doFilter(ApplicationFilterChain.java:140) ~[tomcat-embed-core-10.1.39.jar:10.1.39]
	at org.springframework.web.filter.RequestContextFilter.doFilterInternal(RequestContextFilter.java:100) ~[spring-web-6.2.5.jar:6.2.5]
	at org.springframework.web.filter.OncePerRequestFilter.doFilter(OncePerRequestFilter.java:116) ~[spring-web-6.2.5.jar:6.2.5]
	at org.apache.catalina.core.ApplicationFilterChain.internalDoFilter(ApplicationFilterChain.java:164) ~[tomcat-embed-core-10.1.39.jar:10.1.39]
	at org.apache.catalina.core.ApplicationFilterChain.doFilter(ApplicationFilterChain.java:140) ~[tomcat-embed-core-10.1.39.jar:10.1.39]
	at org.springframework.web.filter.FormContentFilter.doFilterInternal(FormContentFilter.java:93) ~[spring-web-6.2.5.jar:6.2.5]
	at org.springframework.web.filter.OncePerRequestFilter.doFilter(OncePerRequestFilter.java:116) ~[spring-web-6.2.5.jar:6.2.5]
	at org.apache.catalina.core.ApplicationFilterChain.internalDoFilter(ApplicationFilterChain.java:164) ~[tomcat-embed-core-10.1.39.jar:10.1.39]
	at org.apache.catalina.core.ApplicationFilterChain.doFilter(ApplicationFilterChain.java:140) ~[tomcat-embed-core-10.1.39.jar:10.1.39]
	at org.springframework.web.filter.CharacterEncodingFilter.doFilterInternal(CharacterEncodingFilter.java:201) ~[spring-web-6.2.5.jar:6.2.5]
	at org.springframework.web.filter.OncePerRequestFilter.doFilter(OncePerRequestFilter.java:116) ~[spring-web-6.2.5.jar:6.2.5]
	at org.apache.catalina.core.ApplicationFilterChain.internalDoFilter(ApplicationFilterChain.java:164) ~[tomcat-embed-core-10.1.39.jar:10.1.39]
	at org.apache.catalina.core.ApplicationFilterChain.doFilter(ApplicationFilterChain.java:140) ~[tomcat-embed-core-10.1.39.jar:10.1.39]
	at org.apache.catalina.core.StandardWrapperValve.invoke(StandardWrapperValve.java:167) ~[tomcat-embed-core-10.1.39.jar:10.1.39]
	at org.apache.catalina.core.StandardContextValve.invoke(StandardContextValve.java:90) ~[tomcat-embed-core-10.1.39.jar:10.1.39]
	at org.apache.catalina.authenticator.AuthenticatorBase.invoke(AuthenticatorBase.java:483) ~[tomcat-embed-core-10.1.39.jar:10.1.39]
	at org.apache.catalina.core.StandardHostValve.invoke(StandardHostValve.java:115) ~[tomcat-embed-core-10.1.39.jar:10.1.39]
	at org.apache.catalina.valves.ErrorReportValve.invoke(ErrorReportValve.java:93) ~[tomcat-embed-core-10.1.39.jar:10.1.39]
	at org.apache.catalina.core.StandardEngineValve.invoke(StandardEngineValve.java:74) ~[tomcat-embed-core-10.1.39.jar:10.1.39]
	at org.apache.catalina.connector.CoyoteAdapter.service(CoyoteAdapter.java:344) ~[tomcat-embed-core-10.1.39.jar:10.1.39]
	at org.apache.coyote.http11.Http11Processor.service(Http11Processor.java:397) ~[tomcat-embed-core-10.1.39.jar:10.1.39]
	at org.apache.coyote.AbstractProcessorLight.process(AbstractProcessorLight.java:63) ~[tomcat-embed-core-10.1.39.jar:10.1.39]
	at org.apache.coyote.AbstractProtocol$ConnectionHandler.process(AbstractProtocol.java:905) ~[tomcat-embed-core-10.1.39.jar:10.1.39]
	at org.apache.tomcat.util.net.NioEndpoint$SocketProcessor.doRun(NioEndpoint.java:1743) ~[tomcat-embed-core-10.1.39.jar:10.1.39]
	at org.apache.tomcat.util.net.SocketProcessorBase.run(SocketProcessorBase.java:52) ~[tomcat-embed-core-10.1.39.jar:10.1.39]
	at org.apache.tomcat.util.threads.ThreadPoolExecutor.runWorker(ThreadPoolExecutor.java:1190) ~[tomcat-embed-core-10.1.39.jar:10.1.39]
	at org.apache.tomcat.util.threads.ThreadPoolExecutor$Worker.run(ThreadPoolExecutor.java:659) ~[tomcat-embed-core-10.1.39.jar:10.1.39]
	at org.apache.tomcat.util.threads.TaskThread$WrappingRunnable.run(TaskThread.java:63) ~[tomcat-embed-core-10.1.39.jar:10.1.39]
	at java.base/java.lang.Thread.run(Thread.java:842) ~[na:na]

2025-05-28T15:24:10.137+05:30  WARN 17944 --- [blog-app-apis] [http-nio-8080-exec-5] .m.m.a.ExceptionHandlerExceptionResolver : Resolved [org.springframework.web.bind.MethodArgumentNotValidException: Validation failed for argument [0] in public org.springframework.http.ResponseEntity<com.codewithantriksh.blog.payloads.UserDto> com.codewithantriksh.blog.controllers.UserController.updateUser(com.codewithantriksh.blog.payloads.UserDto,java.lang.Integer): [Field error in object 'userDto' on field 'name': rejected value [A]; codes [Size.userDto.name,Size.name,Size.java.lang.String,Size]; arguments [org.springframework.context.support.DefaultMessageSourceResolvable: codes [userDto.name,name]; arguments []; default message [name],2147483647,4]; default message [Username must be min of 4 charaters]] ]
2025-05-28T15:24:28.200+05:30  WARN 17944 --- [blog-app-apis] [http-nio-8080-exec-1] .m.m.a.ExceptionHandlerExceptionResolver : Resolved [org.springframework.web.bind.MethodArgumentNotValidException: Validation failed for argument [0] in public org.springframework.http.ResponseEntity<com.codewithantriksh.blog.payloads.CategoryDto> com.codewithantriksh.blog.controllers.CategoryController.createCategory(com.codewithantriksh.blog.payloads.CategoryDto) with 2 errors: [Field error in object 'categoryDto' on field 'categoryTitle': rejected value []; codes [Size.categoryDto.categoryTitle,Size.categoryTitle,Size.java.lang.String,Size]; arguments [org.springframework.context.support.DefaultMessageSourceResolvable: codes [categoryDto.categoryTitle,categoryTitle]; arguments []; default message [categoryTitle],2147483647,4]; default message [Min size of category title is 4]] [Field error in object 'categoryDto' on field 'categoryTitle': rejected value []; codes [NotBlank.categoryDto.categoryTitle,NotBlank.categoryTitle,NotBlank.java.lang.String,NotBlank]; arguments [org.springframework.context.support.DefaultMessageSourceResolvable: codes [categoryDto.categoryTitle,categoryTitle]; arguments []; default message [categoryTitle]]; default message [must not be blank]] ]
2025-05-28T17:53:13.655+05:30  WARN 17944 --- [blog-app-apis] [HikariPool-2 housekeeper] com.zaxxer.hikari.pool.HikariPool        : HikariPool-2 - Thread starvation or clock leap detected (housekeeper delta=37m49s521ms811s500ns).
2025-05-28T18:01:48.679+05:30  INFO 17944 --- [blog-app-apis] [RMI TCP Connection(143)-127.0.0.1] inMXBeanRegistrar$SpringApplicationAdmin : Application shutdown requested.
2025-05-28T18:01:48.695+05:30  INFO 17944 --- [blog-app-apis] [RMI TCP Connection(143)-127.0.0.1] o.s.b.w.e.tomcat.GracefulShutdown        : Commencing graceful shutdown. Waiting for active requests to complete
2025-05-28T18:01:48.996+05:30  INFO 17944 --- [blog-app-apis] [tomcat-shutdown] o.s.b.w.e.tomcat.GracefulShutdown        : Graceful shutdown complete
2025-05-28T18:01:49.009+05:30  INFO 17944 --- [blog-app-apis] [RMI TCP Connection(143)-127.0.0.1] j.LocalContainerEntityManagerFactoryBean : Closing JPA EntityManagerFactory for persistence unit 'default'
2025-05-28T18:01:49.018+05:30  INFO 17944 --- [blog-app-apis] [RMI TCP Connection(143)-127.0.0.1] com.zaxxer.hikari.HikariDataSource       : HikariPool-2 - Shutdown initiated...
2025-05-28T18:01:49.025+05:30  INFO 17944 --- [blog-app-apis] [RMI TCP Connection(143)-127.0.0.1] com.zaxxer.hikari.HikariDataSource       : HikariPool-2 - Shutdown completed.
2025-05-28T22:14:36.817+05:30  INFO 12432 --- [blog-app-apis] [restartedMain] c.c.blog.BlogAppApisApplication          : Starting BlogAppApisApplication using Java 17.0.11 with PID 12432 (C:\Users\antri\Git\repository4\blog-app-apis\target\classes started by antri in C:\Users\antri\Git\repository4\blog-app-apis)
2025-05-28T22:14:36.820+05:30 DEBUG 12432 --- [blog-app-apis] [restartedMain] c.c.blog.BlogAppApisApplication          : Running with Spring Boot v3.4.4, Spring v6.2.5
2025-05-28T22:14:36.821+05:30  INFO 12432 --- [blog-app-apis] [restartedMain] c.c.blog.BlogAppApisApplication          : No active profile set, falling back to 1 default profile: "default"
2025-05-28T22:14:36.870+05:30  INFO 12432 --- [blog-app-apis] [restartedMain] .e.DevToolsPropertyDefaultsPostProcessor : Devtools property defaults active! Set 'spring.devtools.add-properties' to 'false' to disable
2025-05-28T22:14:36.870+05:30  INFO 12432 --- [blog-app-apis] [restartedMain] .e.DevToolsPropertyDefaultsPostProcessor : For additional web related logging consider setting the 'logging.level.web' property to 'DEBUG'
2025-05-28T22:14:37.531+05:30  INFO 12432 --- [blog-app-apis] [restartedMain] .s.d.r.c.RepositoryConfigurationDelegate : Bootstrapping Spring Data JPA repositories in DEFAULT mode.
2025-05-28T22:14:37.598+05:30  INFO 12432 --- [blog-app-apis] [restartedMain] .s.d.r.c.RepositoryConfigurationDelegate : Finished Spring Data repository scanning in 57 ms. Found 3 JPA repository interfaces.
2025-05-28T22:14:38.027+05:30  INFO 12432 --- [blog-app-apis] [restartedMain] o.s.b.w.embedded.tomcat.TomcatWebServer  : Tomcat initialized with port 8080 (http)
2025-05-28T22:14:38.039+05:30  INFO 12432 --- [blog-app-apis] [restartedMain] o.apache.catalina.core.StandardService   : Starting service [Tomcat]
2025-05-28T22:14:38.039+05:30  INFO 12432 --- [blog-app-apis] [restartedMain] o.apache.catalina.core.StandardEngine    : Starting Servlet engine: [Apache Tomcat/10.1.39]
2025-05-28T22:14:38.083+05:30  INFO 12432 --- [blog-app-apis] [restartedMain] o.a.c.c.C.[Tomcat].[localhost].[/]       : Initializing Spring embedded WebApplicationContext
2025-05-28T22:14:38.083+05:30  INFO 12432 --- [blog-app-apis] [restartedMain] w.s.c.ServletWebServerApplicationContext : Root WebApplicationContext: initialization completed in 1213 ms
2025-05-28T22:14:38.215+05:30  INFO 12432 --- [blog-app-apis] [restartedMain] o.hibernate.jpa.internal.util.LogHelper  : HHH000204: Processing PersistenceUnitInfo [name: default]
2025-05-28T22:14:38.270+05:30  INFO 12432 --- [blog-app-apis] [restartedMain] org.hibernate.Version                    : HHH000412: Hibernate ORM core version 6.6.11.Final
2025-05-28T22:14:38.303+05:30  INFO 12432 --- [blog-app-apis] [restartedMain] o.h.c.internal.RegionFactoryInitiator    : HHH000026: Second-level cache disabled
2025-05-28T22:14:38.556+05:30  INFO 12432 --- [blog-app-apis] [restartedMain] o.s.o.j.p.SpringPersistenceUnitInfo      : No LoadTimeWeaver setup: ignoring JPA class transformer
2025-05-28T22:14:38.589+05:30  INFO 12432 --- [blog-app-apis] [restartedMain] com.zaxxer.hikari.HikariDataSource       : HikariPool-1 - Starting...
2025-05-28T22:14:38.901+05:30  INFO 12432 --- [blog-app-apis] [restartedMain] com.zaxxer.hikari.pool.HikariPool        : HikariPool-1 - Added connection com.mysql.cj.jdbc.ConnectionImpl@17d82874
2025-05-28T22:14:38.903+05:30  INFO 12432 --- [blog-app-apis] [restartedMain] com.zaxxer.hikari.HikariDataSource       : HikariPool-1 - Start completed.
2025-05-28T22:14:38.953+05:30  WARN 12432 --- [blog-app-apis] [restartedMain] org.hibernate.orm.deprecation            : HHH90000025: MySQL8Dialect does not need to be specified explicitly using 'hibernate.dialect' (remove the property setting and it will be selected by default)
2025-05-28T22:14:38.954+05:30  WARN 12432 --- [blog-app-apis] [restartedMain] org.hibernate.orm.deprecation            : HHH90000026: MySQL8Dialect has been deprecated; use org.hibernate.dialect.MySQLDialect instead
2025-05-28T22:14:38.972+05:30  INFO 12432 --- [blog-app-apis] [restartedMain] org.hibernate.orm.connections.pooling    : HHH10001005: Database info:
	Database JDBC URL [Connecting through datasource 'HikariDataSource (HikariPool-1)']
	Database driver: undefined/unknown
	Database version: 8.0
	Autocommit mode: undefined/unknown
	Isolation level: undefined/unknown
	Minimum pool size: undefined/unknown
	Maximum pool size: undefined/unknown
2025-05-28T22:14:39.751+05:30  INFO 12432 --- [blog-app-apis] [restartedMain] o.h.e.t.j.p.i.JtaPlatformInitiator       : HHH000489: No JTA platform available (set 'hibernate.transaction.jta.platform' to enable JTA platform integration)
2025-05-28T22:14:39.830+05:30  INFO 12432 --- [blog-app-apis] [restartedMain] j.LocalContainerEntityManagerFactoryBean : Initialized JPA EntityManagerFactory for persistence unit 'default'
2025-05-28T22:14:40.123+05:30  WARN 12432 --- [blog-app-apis] [restartedMain] JpaBaseConfiguration$JpaWebConfiguration : spring.jpa.open-in-view is enabled by default. Therefore, database queries may be performed during view rendering. Explicitly configure spring.jpa.open-in-view to disable this warning
2025-05-28T22:14:40.396+05:30  INFO 12432 --- [blog-app-apis] [restartedMain] o.s.b.d.a.OptionalLiveReloadServer       : LiveReload server is running on port 35729
2025-05-28T22:14:40.433+05:30  INFO 12432 --- [blog-app-apis] [restartedMain] o.s.b.w.embedded.tomcat.TomcatWebServer  : Tomcat started on port 8080 (http) with context path '/'
2025-05-28T22:14:40.439+05:30  INFO 12432 --- [blog-app-apis] [restartedMain] c.c.blog.BlogAppApisApplication          : Started BlogAppApisApplication in 3.942 seconds (process running for 4.42)
2025-05-28T22:18:28.154+05:30  INFO 12432 --- [blog-app-apis] [RMI TCP Connection(13)-127.0.0.1] inMXBeanRegistrar$SpringApplicationAdmin : Application shutdown requested.
2025-05-28T22:18:28.160+05:30  INFO 12432 --- [blog-app-apis] [RMI TCP Connection(13)-127.0.0.1] o.s.b.w.e.tomcat.GracefulShutdown        : Commencing graceful shutdown. Waiting for active requests to complete
2025-05-28T22:18:28.337+05:30  INFO 12432 --- [blog-app-apis] [tomcat-shutdown] o.s.b.w.e.tomcat.GracefulShutdown        : Graceful shutdown complete
2025-05-28T22:18:28.344+05:30  INFO 12432 --- [blog-app-apis] [RMI TCP Connection(13)-127.0.0.1] j.LocalContainerEntityManagerFactoryBean : Closing JPA EntityManagerFactory for persistence unit 'default'
2025-05-28T22:18:28.348+05:30  INFO 12432 --- [blog-app-apis] [RMI TCP Connection(13)-127.0.0.1] com.zaxxer.hikari.HikariDataSource       : HikariPool-1 - Shutdown initiated...
2025-05-28T22:18:28.360+05:30  INFO 12432 --- [blog-app-apis] [RMI TCP Connection(13)-127.0.0.1] com.zaxxer.hikari.HikariDataSource       : HikariPool-1 - Shutdown completed.
